<?xml version="1.0" encoding="UTF-8"?>
<testsuite xmlns:xsi="http://www.w3.org/2001/XMLSchema-instance" xsi:noNamespaceSchemaLocation="https://maven.apache.org/surefire/maven-surefire-plugin/xsd/surefire-test-report.xsd" name="com.hcl.pls_work_agh.AppTest" time="0.037" tests="1" errors="0" skipped="0" failures="0">
  <properties>
    <property name="sun.desktop" value="windows"/>
    <property name="awt.toolkit" value="sun.awt.windows.WToolkit"/>
    <property name="java.specification.version" value="11"/>
    <property name="sun.cpu.isalist" value="amd64"/>
    <property name="sun.jnu.encoding" value="Cp1252"/>
    <property name="java.class.path" value="C:\Users\brick\Documents\Programming\StuffEclipse\pluginExample\target\test-classes;C:\Users\brick\Documents\Programming\StuffEclipse\pluginExample\target\classes;C:\Users\brick\.m2\repository\junit\junit\4.11\junit-4.11.jar;C:\Users\brick\.m2\repository\org\hamcrest\hamcrest-core\1.3\hamcrest-core-1.3.jar;C:\Users\brick\.m2\repository\com\amazonaws\aws-java-sdk-s3\1.12.178\aws-java-sdk-s3-1.12.178.jar;C:\Users\brick\.m2\repository\com\amazonaws\aws-java-sdk-kms\1.12.178\aws-java-sdk-kms-1.12.178.jar;C:\Users\brick\.m2\repository\com\amazonaws\aws-java-sdk-core\1.12.178\aws-java-sdk-core-1.12.178.jar;C:\Users\brick\.m2\repository\commons-logging\commons-logging\1.1.3\commons-logging-1.1.3.jar;C:\Users\brick\.m2\repository\commons-codec\commons-codec\1.15\commons-codec-1.15.jar;C:\Users\brick\.m2\repository\org\apache\httpcomponents\httpclient\4.5.13\httpclient-4.5.13.jar;C:\Users\brick\.m2\repository\org\apache\httpcomponents\httpcore\4.4.13\httpcore-4.4.13.jar;C:\Users\brick\.m2\repository\software\amazon\ion\ion-java\1.0.2\ion-java-1.0.2.jar;C:\Users\brick\.m2\repository\com\fasterxml\jackson\core\jackson-databind\2.12.6\jackson-databind-2.12.6.jar;C:\Users\brick\.m2\repository\com\fasterxml\jackson\core\jackson-annotations\2.12.6\jackson-annotations-2.12.6.jar;C:\Users\brick\.m2\repository\com\fasterxml\jackson\core\jackson-core\2.12.6\jackson-core-2.12.6.jar;C:\Users\brick\.m2\repository\com\fasterxml\jackson\dataformat\jackson-dataformat-cbor\2.12.6\jackson-dataformat-cbor-2.12.6.jar;C:\Users\brick\.m2\repository\joda-time\joda-time\2.8.1\joda-time-2.8.1.jar;C:\Users\brick\.m2\repository\com\amazonaws\jmespath-java\1.12.178\jmespath-java-1.12.178.jar;C:\Users\brick\.m2\repository\org\owasp\dependency-check-maven\8.1.2\dependency-check-maven-8.1.2.jar;C:\Users\brick\.m2\repository\org\owasp\dependency-check-core\8.1.2\dependency-check-core-8.1.2.jar;C:\Users\brick\.m2\repository\org\anarres\jdiagnostics\jdiagnostics\1.0.7\jdiagnostics-1.0.7.jar;C:\Users\brick\.m2\repository\org\whitesource\pecoff4j\0.0.2.1\pecoff4j-0.0.2.1.jar;C:\Users\brick\.m2\repository\org\apache\commons\commons-jcs-core\2.2.1\commons-jcs-core-2.2.1.jar;C:\Users\brick\.m2\repository\com\github\package-url\packageurl-java\1.4.1\packageurl-java-1.4.1.jar;C:\Users\brick\.m2\repository\us\springett\cpe-parser\2.0.2\cpe-parser-2.0.2.jar;C:\Users\brick\.m2\repository\org\semver4j\semver4j\4.2.1\semver4j-4.2.1.jar;C:\Users\brick\.m2\repository\org\slf4j\slf4j-api\1.7.36\slf4j-api-1.7.36.jar;C:\Users\brick\.m2\repository\org\apache\commons\commons-collections4\4.4\commons-collections4-4.4.jar;C:\Users\brick\.m2\repository\org\apache\commons\commons-compress\1.22\commons-compress-1.22.jar;C:\Users\brick\.m2\repository\commons-io\commons-io\2.11.0\commons-io-2.11.0.jar;C:\Users\brick\.m2\repository\org\apache\commons\commons-lang3\3.12.0\commons-lang3-3.12.0.jar;C:\Users\brick\.m2\repository\org\apache\commons\commons-text\1.10.0\commons-text-1.10.0.jar;C:\Users\brick\.m2\repository\org\apache\commons\commons-dbcp2\2.9.0\commons-dbcp2-2.9.0.jar;C:\Users\brick\.m2\repository\org\apache\commons\commons-pool2\2.10.0\commons-pool2-2.10.0.jar;C:\Users\brick\.m2\repository\org\apache\lucene\lucene-core\8.11.2\lucene-core-8.11.2.jar;C:\Users\brick\.m2\repository\org\apache\lucene\lucene-analyzers-common\8.11.2\lucene-analyzers-common-8.11.2.jar;C:\Users\brick\.m2\repository\org\apache\lucene\lucene-queryparser\8.11.2\lucene-queryparser-8.11.2.jar;C:\Users\brick\.m2\repository\org\apache\lucene\lucene-queries\8.11.2\lucene-queries-8.11.2.jar;C:\Users\brick\.m2\repository\org\apache\lucene\lucene-sandbox\8.11.2\lucene-sandbox-8.11.2.jar;C:\Users\brick\.m2\repository\org\apache\velocity\velocity-engine-core\2.3\velocity-engine-core-2.3.jar;C:\Users\brick\.m2\repository\com\h2database\h2\2.1.214\h2-2.1.214.jar;C:\Users\brick\.m2\repository\org\glassfish\javax.json\1.1.4\javax.json-1.1.4.jar;C:\Users\brick\.m2\repository\org\jsoup\jsoup\1.15.4\jsoup-1.15.4.jar;C:\Users\brick\.m2\repository\com\fasterxml\jackson\module\jackson-module-afterburner\2.14.2\jackson-module-afterburner-2.14.2.jar;C:\Users\brick\.m2\repository\com\fasterxml\jackson\module\jackson-module-blackbird\2.14.2\jackson-module-blackbird-2.14.2.jar;C:\Users\brick\.m2\repository\com\fasterxml\jackson\dataformat\jackson-dataformat-yaml\2.14.2\jackson-dataformat-yaml-2.14.2.jar;C:\Users\brick\.m2\repository\org\yaml\snakeyaml\1.33\snakeyaml-1.33.jar;C:\Users\brick\.m2\repository\com\h3xstream\retirejs\retirejs-core\3.0.4\retirejs-core-3.0.4.jar;C:\Users\brick\.m2\repository\com\vaadin\external\google\android-json\0.0.20131108.vaadin1\android-json-0.0.20131108.vaadin1.jar;C:\Users\brick\.m2\repository\com\esotericsoftware\minlog\1.3.1\minlog-1.3.1.jar;C:\Users\brick\.m2\repository\com\github\spullara\mustache\java\compiler\0.9.6\compiler-0.9.6.jar;C:\Users\brick\.m2\repository\org\sonatype\ossindex\ossindex-service-client\1.8.2\ossindex-service-client-1.8.2.jar;C:\Users\brick\.m2\repository\org\sonatype\ossindex\ossindex-service-api\1.8.2\ossindex-service-api-1.8.2.jar;C:\Users\brick\.m2\repository\javax\ws\rs\javax.ws.rs-api\2.0.1\javax.ws.rs-api-2.0.1.jar;C:\Users\brick\.m2\repository\org\sonatype\goodies\package-url-java\1.1.1\package-url-java-1.1.1.jar;C:\Users\brick\.m2\repository\javax\inject\javax.inject\1\javax.inject-1.jar;C:\Users\brick\.m2\repository\org\slf4j\jcl-over-slf4j\1.7.28\jcl-over-slf4j-1.7.28.jar;C:\Users\brick\.m2\repository\com\google\code\gson\gson\2.9.0\gson-2.9.0.jar;C:\Users\brick\.m2\repository\javax\xml\bind\jaxb-api\2.3.1\jaxb-api-2.3.1.jar;C:\Users\brick\.m2\repository\javax\activation\javax.activation-api\1.2.0\javax.activation-api-1.2.0.jar;C:\Users\brick\.m2\repository\com\google\guava\guava\31.1-jre\guava-31.1-jre.jar;C:\Users\brick\.m2\repository\com\google\guava\failureaccess\1.0.1\failureaccess-1.0.1.jar;C:\Users\brick\.m2\repository\com\google\guava\listenablefuture\9999.0-empty-to-avoid-conflict-with-guava\listenablefuture-9999.0-empty-to-avoid-conflict-with-guava.jar;C:\Users\brick\.m2\repository\com\google\code\findbugs\jsr305\3.0.2\jsr305-3.0.2.jar;C:\Users\brick\.m2\repository\org\checkerframework\checker-qual\3.12.0\checker-qual-3.12.0.jar;C:\Users\brick\.m2\repository\com\google\errorprone\error_prone_annotations\2.11.0\error_prone_annotations-2.11.0.jar;C:\Users\brick\.m2\repository\com\google\j2objc\j2objc-annotations\1.3\j2objc-annotations-1.3.jar;C:\Users\brick\.m2\repository\com\moandjiezana\toml\toml4j\0.7.2\toml4j-0.7.2.jar;C:\Users\brick\.m2\repository\com\hankcs\aho-corasick-double-array-trie\1.2.3\aho-corasick-double-array-trie-1.2.3.jar;C:\Users\brick\.m2\repository\commons-validator\commons-validator\1.7\commons-validator-1.7.jar;C:\Users\brick\.m2\repository\commons-digester\commons-digester\2.1\commons-digester-2.1.jar;C:\Users\brick\.m2\repository\commons-collections\commons-collections\3.2.2\commons-collections-3.2.2.jar;C:\Users\brick\.m2\repository\commons-beanutils\commons-beanutils\1.9.4\commons-beanutils-1.9.4.jar;C:\Users\brick\.m2\repository\org\eclipse\packager\packager-rpm\0.19.0\packager-rpm-0.19.0.jar;C:\Users\brick\.m2\repository\org\eclipse\packager\packager-core\0.19.0\packager-core-0.19.0.jar;C:\Users\brick\.m2\repository\org\bouncycastle\bcprov-jdk18on\1.71\bcprov-jdk18on-1.71.jar;C:\Users\brick\.m2\repository\org\bouncycastle\bcpg-jdk18on\1.71\bcpg-jdk18on-1.71.jar;C:\Users\brick\.m2\repository\org\tukaani\xz\1.9\xz-1.9.jar;C:\Users\brick\.m2\repository\org\owasp\dependency-check-utils\8.1.2\dependency-check-utils-8.1.2.jar;C:\Users\brick\.m2\repository\org\apache\maven\shared\file-management\3.1.0\file-management-3.1.0.jar;C:\Users\brick\.m2\repository\org\codehaus\plexus\plexus-utils\3.5.0\plexus-utils-3.5.0.jar;C:\Users\brick\.m2\repository\org\apache\maven\reporting\maven-reporting-api\3.1.1\maven-reporting-api-3.1.1.jar;C:\Users\brick\.m2\repository\org\apache\maven\doxia\doxia-sink-api\1.11.1\doxia-sink-api-1.11.1.jar;C:\Users\brick\.m2\repository\org\apache\maven\doxia\doxia-logging-api\1.11.1\doxia-logging-api-1.11.1.jar;C:\Users\brick\.m2\repository\org\sonatype\plexus\plexus-sec-dispatcher\1.4\plexus-sec-dispatcher-1.4.jar;C:\Users\brick\.m2\repository\org\sonatype\plexus\plexus-cipher\1.4\plexus-cipher-1.4.jar;C:\Users\brick\.m2\repository\org\apache\maven\shared\maven-dependency-tree\3.2.1\maven-dependency-tree-3.2.1.jar;C:\Users\brick\.m2\repository\org\eclipse\aether\aether-util\1.0.0.v20140518\aether-util-1.0.0.v20140518.jar;C:\Users\brick\.m2\repository\org\eclipse\aether\aether-api\1.0.0.v20140518\aether-api-1.0.0.v20140518.jar;C:\Users\brick\.m2\repository\org\apache\maven\shared\maven-artifact-transfer\0.13.1\maven-artifact-transfer-0.13.1.jar;C:\Users\brick\.m2\repository\org\apache\maven\maven-core\3.0\maven-core-3.0.jar;C:\Users\brick\.m2\repository\org\apache\maven\maven-model\3.0\maven-model-3.0.jar;C:\Users\brick\.m2\repository\org\apache\maven\maven-settings\3.0\maven-settings-3.0.jar;C:\Users\brick\.m2\repository\org\apache\maven\maven-settings-builder\3.0\maven-settings-builder-3.0.jar;C:\Users\brick\.m2\repository\org\apache\maven\maven-repository-metadata\3.0\maven-repository-metadata-3.0.jar;C:\Users\brick\.m2\repository\org\apache\maven\maven-plugin-api\3.0\maven-plugin-api-3.0.jar;C:\Users\brick\.m2\repository\org\apache\maven\maven-model-builder\3.0\maven-model-builder-3.0.jar;C:\Users\brick\.m2\repository\org\apache\maven\maven-aether-provider\3.0\maven-aether-provider-3.0.jar;C:\Users\brick\.m2\repository\org\sonatype\aether\aether-impl\1.7\aether-impl-1.7.jar;C:\Users\brick\.m2\repository\org\sonatype\aether\aether-spi\1.7\aether-spi-1.7.jar;C:\Users\brick\.m2\repository\org\sonatype\aether\aether-api\1.7\aether-api-1.7.jar;C:\Users\brick\.m2\repository\org\sonatype\aether\aether-util\1.7\aether-util-1.7.jar;C:\Users\brick\.m2\repository\org\sonatype\sisu\sisu-inject-plexus\1.4.2\sisu-inject-plexus-1.4.2.jar;C:\Users\brick\.m2\repository\org\sonatype\sisu\sisu-inject-bean\1.4.2\sisu-inject-bean-1.4.2.jar;C:\Users\brick\.m2\repository\org\sonatype\sisu\sisu-guice\2.1.7\sisu-guice-2.1.7-noaop.jar;C:\Users\brick\.m2\repository\org\codehaus\plexus\plexus-interpolation\1.14\plexus-interpolation-1.14.jar;C:\Users\brick\.m2\repository\org\codehaus\plexus\plexus-classworlds\2.2.3\plexus-classworlds-2.2.3.jar;C:\Users\brick\.m2\repository\org\apache\maven\maven-artifact\3.0\maven-artifact-3.0.jar;C:\Users\brick\.m2\repository\org\codehaus\plexus\plexus-component-annotations\2.0.0\plexus-component-annotations-2.0.0.jar;C:\Users\brick\.m2\repository\org\apache\maven\shared\maven-common-artifact-filters\3.1.0\maven-common-artifact-filters-3.1.0.jar;C:\Users\brick\.m2\repository\org\apache\maven\shared\maven-shared-utils\3.1.0\maven-shared-utils-3.1.0.jar;"/>
    <property name="java.vm.vendor" value="Oracle Corporation"/>
    <property name="sun.arch.data.model" value="64"/>
    <property name="user.variant" value=""/>
    <property name="java.vendor.url" value="https://openjdk.java.net/"/>
    <property name="user.timezone" value="America/New_York"/>
    <property name="java.vm.specification.version" value="11"/>
    <property name="os.name" value="Windows 10"/>
    <property name="sun.java.launcher" value="SUN_STANDARD"/>
    <property name="user.country" value="US"/>
    <property name="sun.boot.library.path" value="C:\Program Files\Java\jdk-11.0.13\bin"/>
    <property name="sun.java.command" value="C:\Users\brick\AppData\Local\Temp\surefire5954137032128525186\surefirebooter864924241568848412.jar C:\Users\brick\AppData\Local\Temp\surefire5954137032128525186 2023-03-20T01-07-42_557-jvmRun1 surefire11081079797813406284tmp surefire_018393875875074823353tmp"/>
    <property name="jdk.debug" value="release"/>
    <property name="surefire.test.class.path" value="C:\Users\brick\Documents\Programming\StuffEclipse\pluginExample\target\test-classes;C:\Users\brick\Documents\Programming\StuffEclipse\pluginExample\target\classes;C:\Users\brick\.m2\repository\junit\junit\4.11\junit-4.11.jar;C:\Users\brick\.m2\repository\org\hamcrest\hamcrest-core\1.3\hamcrest-core-1.3.jar;C:\Users\brick\.m2\repository\com\amazonaws\aws-java-sdk-s3\1.12.178\aws-java-sdk-s3-1.12.178.jar;C:\Users\brick\.m2\repository\com\amazonaws\aws-java-sdk-kms\1.12.178\aws-java-sdk-kms-1.12.178.jar;C:\Users\brick\.m2\repository\com\amazonaws\aws-java-sdk-core\1.12.178\aws-java-sdk-core-1.12.178.jar;C:\Users\brick\.m2\repository\commons-logging\commons-logging\1.1.3\commons-logging-1.1.3.jar;C:\Users\brick\.m2\repository\commons-codec\commons-codec\1.15\commons-codec-1.15.jar;C:\Users\brick\.m2\repository\org\apache\httpcomponents\httpclient\4.5.13\httpclient-4.5.13.jar;C:\Users\brick\.m2\repository\org\apache\httpcomponents\httpcore\4.4.13\httpcore-4.4.13.jar;C:\Users\brick\.m2\repository\software\amazon\ion\ion-java\1.0.2\ion-java-1.0.2.jar;C:\Users\brick\.m2\repository\com\fasterxml\jackson\core\jackson-databind\2.12.6\jackson-databind-2.12.6.jar;C:\Users\brick\.m2\repository\com\fasterxml\jackson\core\jackson-annotations\2.12.6\jackson-annotations-2.12.6.jar;C:\Users\brick\.m2\repository\com\fasterxml\jackson\core\jackson-core\2.12.6\jackson-core-2.12.6.jar;C:\Users\brick\.m2\repository\com\fasterxml\jackson\dataformat\jackson-dataformat-cbor\2.12.6\jackson-dataformat-cbor-2.12.6.jar;C:\Users\brick\.m2\repository\joda-time\joda-time\2.8.1\joda-time-2.8.1.jar;C:\Users\brick\.m2\repository\com\amazonaws\jmespath-java\1.12.178\jmespath-java-1.12.178.jar;C:\Users\brick\.m2\repository\org\owasp\dependency-check-maven\8.1.2\dependency-check-maven-8.1.2.jar;C:\Users\brick\.m2\repository\org\owasp\dependency-check-core\8.1.2\dependency-check-core-8.1.2.jar;C:\Users\brick\.m2\repository\org\anarres\jdiagnostics\jdiagnostics\1.0.7\jdiagnostics-1.0.7.jar;C:\Users\brick\.m2\repository\org\whitesource\pecoff4j\0.0.2.1\pecoff4j-0.0.2.1.jar;C:\Users\brick\.m2\repository\org\apache\commons\commons-jcs-core\2.2.1\commons-jcs-core-2.2.1.jar;C:\Users\brick\.m2\repository\com\github\package-url\packageurl-java\1.4.1\packageurl-java-1.4.1.jar;C:\Users\brick\.m2\repository\us\springett\cpe-parser\2.0.2\cpe-parser-2.0.2.jar;C:\Users\brick\.m2\repository\org\semver4j\semver4j\4.2.1\semver4j-4.2.1.jar;C:\Users\brick\.m2\repository\org\slf4j\slf4j-api\1.7.36\slf4j-api-1.7.36.jar;C:\Users\brick\.m2\repository\org\apache\commons\commons-collections4\4.4\commons-collections4-4.4.jar;C:\Users\brick\.m2\repository\org\apache\commons\commons-compress\1.22\commons-compress-1.22.jar;C:\Users\brick\.m2\repository\commons-io\commons-io\2.11.0\commons-io-2.11.0.jar;C:\Users\brick\.m2\repository\org\apache\commons\commons-lang3\3.12.0\commons-lang3-3.12.0.jar;C:\Users\brick\.m2\repository\org\apache\commons\commons-text\1.10.0\commons-text-1.10.0.jar;C:\Users\brick\.m2\repository\org\apache\commons\commons-dbcp2\2.9.0\commons-dbcp2-2.9.0.jar;C:\Users\brick\.m2\repository\org\apache\commons\commons-pool2\2.10.0\commons-pool2-2.10.0.jar;C:\Users\brick\.m2\repository\org\apache\lucene\lucene-core\8.11.2\lucene-core-8.11.2.jar;C:\Users\brick\.m2\repository\org\apache\lucene\lucene-analyzers-common\8.11.2\lucene-analyzers-common-8.11.2.jar;C:\Users\brick\.m2\repository\org\apache\lucene\lucene-queryparser\8.11.2\lucene-queryparser-8.11.2.jar;C:\Users\brick\.m2\repository\org\apache\lucene\lucene-queries\8.11.2\lucene-queries-8.11.2.jar;C:\Users\brick\.m2\repository\org\apache\lucene\lucene-sandbox\8.11.2\lucene-sandbox-8.11.2.jar;C:\Users\brick\.m2\repository\org\apache\velocity\velocity-engine-core\2.3\velocity-engine-core-2.3.jar;C:\Users\brick\.m2\repository\com\h2database\h2\2.1.214\h2-2.1.214.jar;C:\Users\brick\.m2\repository\org\glassfish\javax.json\1.1.4\javax.json-1.1.4.jar;C:\Users\brick\.m2\repository\org\jsoup\jsoup\1.15.4\jsoup-1.15.4.jar;C:\Users\brick\.m2\repository\com\fasterxml\jackson\module\jackson-module-afterburner\2.14.2\jackson-module-afterburner-2.14.2.jar;C:\Users\brick\.m2\repository\com\fasterxml\jackson\module\jackson-module-blackbird\2.14.2\jackson-module-blackbird-2.14.2.jar;C:\Users\brick\.m2\repository\com\fasterxml\jackson\dataformat\jackson-dataformat-yaml\2.14.2\jackson-dataformat-yaml-2.14.2.jar;C:\Users\brick\.m2\repository\org\yaml\snakeyaml\1.33\snakeyaml-1.33.jar;C:\Users\brick\.m2\repository\com\h3xstream\retirejs\retirejs-core\3.0.4\retirejs-core-3.0.4.jar;C:\Users\brick\.m2\repository\com\vaadin\external\google\android-json\0.0.20131108.vaadin1\android-json-0.0.20131108.vaadin1.jar;C:\Users\brick\.m2\repository\com\esotericsoftware\minlog\1.3.1\minlog-1.3.1.jar;C:\Users\brick\.m2\repository\com\github\spullara\mustache\java\compiler\0.9.6\compiler-0.9.6.jar;C:\Users\brick\.m2\repository\org\sonatype\ossindex\ossindex-service-client\1.8.2\ossindex-service-client-1.8.2.jar;C:\Users\brick\.m2\repository\org\sonatype\ossindex\ossindex-service-api\1.8.2\ossindex-service-api-1.8.2.jar;C:\Users\brick\.m2\repository\javax\ws\rs\javax.ws.rs-api\2.0.1\javax.ws.rs-api-2.0.1.jar;C:\Users\brick\.m2\repository\org\sonatype\goodies\package-url-java\1.1.1\package-url-java-1.1.1.jar;C:\Users\brick\.m2\repository\javax\inject\javax.inject\1\javax.inject-1.jar;C:\Users\brick\.m2\repository\org\slf4j\jcl-over-slf4j\1.7.28\jcl-over-slf4j-1.7.28.jar;C:\Users\brick\.m2\repository\com\google\code\gson\gson\2.9.0\gson-2.9.0.jar;C:\Users\brick\.m2\repository\javax\xml\bind\jaxb-api\2.3.1\jaxb-api-2.3.1.jar;C:\Users\brick\.m2\repository\javax\activation\javax.activation-api\1.2.0\javax.activation-api-1.2.0.jar;C:\Users\brick\.m2\repository\com\google\guava\guava\31.1-jre\guava-31.1-jre.jar;C:\Users\brick\.m2\repository\com\google\guava\failureaccess\1.0.1\failureaccess-1.0.1.jar;C:\Users\brick\.m2\repository\com\google\guava\listenablefuture\9999.0-empty-to-avoid-conflict-with-guava\listenablefuture-9999.0-empty-to-avoid-conflict-with-guava.jar;C:\Users\brick\.m2\repository\com\google\code\findbugs\jsr305\3.0.2\jsr305-3.0.2.jar;C:\Users\brick\.m2\repository\org\checkerframework\checker-qual\3.12.0\checker-qual-3.12.0.jar;C:\Users\brick\.m2\repository\com\google\errorprone\error_prone_annotations\2.11.0\error_prone_annotations-2.11.0.jar;C:\Users\brick\.m2\repository\com\google\j2objc\j2objc-annotations\1.3\j2objc-annotations-1.3.jar;C:\Users\brick\.m2\repository\com\moandjiezana\toml\toml4j\0.7.2\toml4j-0.7.2.jar;C:\Users\brick\.m2\repository\com\hankcs\aho-corasick-double-array-trie\1.2.3\aho-corasick-double-array-trie-1.2.3.jar;C:\Users\brick\.m2\repository\commons-validator\commons-validator\1.7\commons-validator-1.7.jar;C:\Users\brick\.m2\repository\commons-digester\commons-digester\2.1\commons-digester-2.1.jar;C:\Users\brick\.m2\repository\commons-collections\commons-collections\3.2.2\commons-collections-3.2.2.jar;C:\Users\brick\.m2\repository\commons-beanutils\commons-beanutils\1.9.4\commons-beanutils-1.9.4.jar;C:\Users\brick\.m2\repository\org\eclipse\packager\packager-rpm\0.19.0\packager-rpm-0.19.0.jar;C:\Users\brick\.m2\repository\org\eclipse\packager\packager-core\0.19.0\packager-core-0.19.0.jar;C:\Users\brick\.m2\repository\org\bouncycastle\bcprov-jdk18on\1.71\bcprov-jdk18on-1.71.jar;C:\Users\brick\.m2\repository\org\bouncycastle\bcpg-jdk18on\1.71\bcpg-jdk18on-1.71.jar;C:\Users\brick\.m2\repository\org\tukaani\xz\1.9\xz-1.9.jar;C:\Users\brick\.m2\repository\org\owasp\dependency-check-utils\8.1.2\dependency-check-utils-8.1.2.jar;C:\Users\brick\.m2\repository\org\apache\maven\shared\file-management\3.1.0\file-management-3.1.0.jar;C:\Users\brick\.m2\repository\org\codehaus\plexus\plexus-utils\3.5.0\plexus-utils-3.5.0.jar;C:\Users\brick\.m2\repository\org\apache\maven\reporting\maven-reporting-api\3.1.1\maven-reporting-api-3.1.1.jar;C:\Users\brick\.m2\repository\org\apache\maven\doxia\doxia-sink-api\1.11.1\doxia-sink-api-1.11.1.jar;C:\Users\brick\.m2\repository\org\apache\maven\doxia\doxia-logging-api\1.11.1\doxia-logging-api-1.11.1.jar;C:\Users\brick\.m2\repository\org\sonatype\plexus\plexus-sec-dispatcher\1.4\plexus-sec-dispatcher-1.4.jar;C:\Users\brick\.m2\repository\org\sonatype\plexus\plexus-cipher\1.4\plexus-cipher-1.4.jar;C:\Users\brick\.m2\repository\org\apache\maven\shared\maven-dependency-tree\3.2.1\maven-dependency-tree-3.2.1.jar;C:\Users\brick\.m2\repository\org\eclipse\aether\aether-util\1.0.0.v20140518\aether-util-1.0.0.v20140518.jar;C:\Users\brick\.m2\repository\org\eclipse\aether\aether-api\1.0.0.v20140518\aether-api-1.0.0.v20140518.jar;C:\Users\brick\.m2\repository\org\apache\maven\shared\maven-artifact-transfer\0.13.1\maven-artifact-transfer-0.13.1.jar;C:\Users\brick\.m2\repository\org\apache\maven\maven-core\3.0\maven-core-3.0.jar;C:\Users\brick\.m2\repository\org\apache\maven\maven-model\3.0\maven-model-3.0.jar;C:\Users\brick\.m2\repository\org\apache\maven\maven-settings\3.0\maven-settings-3.0.jar;C:\Users\brick\.m2\repository\org\apache\maven\maven-settings-builder\3.0\maven-settings-builder-3.0.jar;C:\Users\brick\.m2\repository\org\apache\maven\maven-repository-metadata\3.0\maven-repository-metadata-3.0.jar;C:\Users\brick\.m2\repository\org\apache\maven\maven-plugin-api\3.0\maven-plugin-api-3.0.jar;C:\Users\brick\.m2\repository\org\apache\maven\maven-model-builder\3.0\maven-model-builder-3.0.jar;C:\Users\brick\.m2\repository\org\apache\maven\maven-aether-provider\3.0\maven-aether-provider-3.0.jar;C:\Users\brick\.m2\repository\org\sonatype\aether\aether-impl\1.7\aether-impl-1.7.jar;C:\Users\brick\.m2\repository\org\sonatype\aether\aether-spi\1.7\aether-spi-1.7.jar;C:\Users\brick\.m2\repository\org\sonatype\aether\aether-api\1.7\aether-api-1.7.jar;C:\Users\brick\.m2\repository\org\sonatype\aether\aether-util\1.7\aether-util-1.7.jar;C:\Users\brick\.m2\repository\org\sonatype\sisu\sisu-inject-plexus\1.4.2\sisu-inject-plexus-1.4.2.jar;C:\Users\brick\.m2\repository\org\sonatype\sisu\sisu-inject-bean\1.4.2\sisu-inject-bean-1.4.2.jar;C:\Users\brick\.m2\repository\org\sonatype\sisu\sisu-guice\2.1.7\sisu-guice-2.1.7-noaop.jar;C:\Users\brick\.m2\repository\org\codehaus\plexus\plexus-interpolation\1.14\plexus-interpolation-1.14.jar;C:\Users\brick\.m2\repository\org\codehaus\plexus\plexus-classworlds\2.2.3\plexus-classworlds-2.2.3.jar;C:\Users\brick\.m2\repository\org\apache\maven\maven-artifact\3.0\maven-artifact-3.0.jar;C:\Users\brick\.m2\repository\org\codehaus\plexus\plexus-component-annotations\2.0.0\plexus-component-annotations-2.0.0.jar;C:\Users\brick\.m2\repository\org\apache\maven\shared\maven-common-artifact-filters\3.1.0\maven-common-artifact-filters-3.1.0.jar;C:\Users\brick\.m2\repository\org\apache\maven\shared\maven-shared-utils\3.1.0\maven-shared-utils-3.1.0.jar;"/>
    <property name="sun.cpu.endian" value="little"/>
    <property name="user.home" value="C:\Users\brick"/>
    <property name="user.language" value="en"/>
    <property name="java.specification.vendor" value="Oracle Corporation"/>
    <property name="java.version.date" value="2021-10-19"/>
    <property name="java.home" value="C:\Program Files\Java\jdk-11.0.13"/>
    <property name="file.separator" value="\"/>
    <property name="basedir" value="C:\Users\brick\Documents\Programming\StuffEclipse\pluginExample"/>
    <property name="java.vm.compressedOopsMode" value="Zero based"/>
    <property name="line.separator" value="&#10;"/>
    <property name="java.specification.name" value="Java Platform API Specification"/>
    <property name="java.vm.specification.vendor" value="Oracle Corporation"/>
    <property name="java.awt.graphicsenv" value="sun.awt.Win32GraphicsEnvironment"/>
    <property name="surefire.real.class.path" value="C:\Users\brick\AppData\Local\Temp\surefire5954137032128525186\surefirebooter864924241568848412.jar"/>
    <property name="user.script" value=""/>
    <property name="sun.management.compiler" value="HotSpot 64-Bit Tiered Compilers"/>
    <property name="java.runtime.version" value="11.0.13+10-LTS-370"/>
    <property name="user.name" value="brick"/>
    <property name="path.separator" value=";"/>
    <property name="os.version" value="10.0"/>
    <property name="java.runtime.name" value="Java(TM) SE Runtime Environment"/>
    <property name="file.encoding" value="Cp1252"/>
    <property name="java.vm.name" value="Java HotSpot(TM) 64-Bit Server VM"/>
    <property name="java.vendor.version" value="18.9"/>
    <property name="localRepository" value="C:\Users\brick\.m2\repository"/>
    <property name="java.vendor.url.bug" value="https://bugreport.java.com/bugreport/"/>
    <property name="java.io.tmpdir" value="C:\Users\brick\AppData\Local\Temp\"/>
    <property name="java.version" value="11.0.13"/>
    <property name="user.dir" value="C:\Users\brick\Documents\Programming\StuffEclipse\pluginExample"/>
    <property name="os.arch" value="amd64"/>
    <property name="java.vm.specification.name" value="Java Virtual Machine Specification"/>
    <property name="java.awt.printerjob" value="sun.awt.windows.WPrinterJob"/>
    <property name="sun.os.patch.level" value=""/>
    <property name="java.library.path" value="C:\Program Files\Java\jdk-11.0.13\bin;C:\WINDOWS\Sun\Java\bin;C:\WINDOWS\system32;C:\WINDOWS;C:\Program Files\Common Files\Oracle\Java\javapath;C:\Program Files\Eclipse Foundation\jdk-11.0.12.7-hotspot\bin;C:\Windows\system32;C:\Windows;C:\Windows\System32\Wbem;C:\Windows\System32\WindowsPowerShell\v1.0\;C:\Windows\System32\OpenSSH\;C:\Program Files (x86)\NVIDIA Corporation\PhysX\Common;C:\Program Files\NVIDIA Corporation\NVIDIA NvDLISR;C;C:\Program Files\Git\cmd;C:\Program Files\Java\jdk-11.0.13\bin;C:\Program Files\apache-maven-3.9.0\bin;C:\WINDOWS\system32;C:\WINDOWS;C:\WINDOWS\System32\Wbem;C:\WINDOWS\System32\WindowsPowerShell\v1.0\;C:\WINDOWS\System32\OpenSSH\;C:\Program Files\nodejs\;C:\Program Files\OpenSSL-Win64\bin;C:\Program Files\dotnet\;C:\Program Files (x86)\Symantec\VIP Access Client\;C:\Program Files\MySQL\MySQL Shell 8.0\bin\;C:\Users\brick\AppData\Local\Programs\Microsoft VS Code\bin;C:\Users\brick\AppData\Local\Microsoft\WindowsApps;C:\Users\brick\AppData\Roaming\npm;C:\Users\brick\kafka_2.12-3.1.0\bin;C:\Users\brick\sonarqube-9.3.0.51899\bin;C:\Program Files\Java\jdk-11.0.13\bin;C:\Program Files\OpenSSL-Win64\bin;C:\Users\brick\AppData\Local\GitHubDesktop\bin;C:\Program Files\apache-maven-3.9.0\bin;;."/>
    <property name="java.vendor" value="Oracle Corporation"/>
    <property name="java.vm.info" value="mixed mode"/>
    <property name="java.vm.version" value="11.0.13+10-LTS-370"/>
    <property name="sun.io.unicode.encoding" value="UnicodeLittle"/>
    <property name="java.class.version" value="55.0"/>
  </properties>
  <testcase name="shouldAnswerWithTrue" classname="com.hcl.pls_work_agh.AppTest" time="0.001"/>
</testsuite>